<?xml version="1.0" encoding="UTF-8"?>
<!-- Generated by org.testng.reporters.JUnitXMLReporter -->
<testsuite ignored="0" hostname="DESKTOP-UBC2RB5" failures="0" tests="3" name="Test" time="30.132" errors="0" timestamp="2023-03-14T00:03:27 IST">
  <testcase classname="FaceBookVersion11Test.FacebookLoginTestUsingDataProvider" name="VerifyLoginwithDiffCombination" time="13.271"/>
  <testcase classname="FaceBookVersion11Test.FacebookLoginTestUsingDataProvider" name="VerifyLoginwithDiffCombination" time="8.642"/>
  <testcase classname="FaceBookVersion11Test.FacebookLoginTestUsingDataProvider" name="VerifyLoginwithDiffCombination" time="8.11"/>
</testsuite> <!-- Test -->
