<?xml version="1.0" encoding="UTF-8"?>
<testng-results ignored="0" total="2" passed="2" failed="0" skipped="0">
  <reporter-output>
    <line>
      <![CDATA[Testcase Execution Start...]]>
    </line>
    <line>
      <![CDATA[Method Execution Successfully.....]]>
    </line>
    <line>
      <![CDATA[Testcase Execution Start...]]>
    </line>
    <line>
      <![CDATA[Expected Username : Jenny Joseph]]>
    </line>
    <line>
      <![CDATA[Actual Username : Jenny Joseph]]>
    </line>
    <line>
      <![CDATA[Method Execution Successfully.....]]>
    </line>
  </reporter-output>
  <suite started-at="2023-02-17T00:28:33 IST" name="Suite" finished-at="2023-02-17T00:29:25 IST" duration-ms="51397">
    <groups>
    </groups>
    <test started-at="2023-02-17T00:28:33 IST" name="Test" finished-at="2023-02-17T00:29:25 IST" duration-ms="51397">
      <class name="FaceBookVersion11Test.facebookTest">
        <test-method is-config="true" signature="openfacebookurl()[pri:0, instance:FaceBookVersion11Test.facebookTest@21282ed8]" started-at="2023-02-17T00:28:33 IST" name="openfacebookurl" finished-at="2023-02-17T00:28:55 IST" duration-ms="21822" status="PASS">
          <reporter-output>
          </reporter-output>
        </test-method> <!-- openfacebookurl -->
        <test-method is-config="true" signature="alertforTestcase()[pri:0, instance:FaceBookVersion11Test.facebookTest@21282ed8]" started-at="2023-02-17T00:28:55 IST" name="alertforTestcase" finished-at="2023-02-17T00:28:55 IST" duration-ms="1" status="PASS">
          <reporter-output>
            <line>
              <![CDATA[Testcase Execution Start...]]>
            </line>
          </reporter-output>
        </test-method> <!-- alertforTestcase -->
        <test-method signature="logintoFacebook()[pri:0, instance:FaceBookVersion11Test.facebookTest@21282ed8]" started-at="2023-02-17T00:28:55 IST" name="logintoFacebook" finished-at="2023-02-17T00:28:55 IST" duration-ms="412" status="PASS">
          <reporter-output>
          </reporter-output>
        </test-method> <!-- logintoFacebook -->
        <test-method is-config="true" signature="alerfortestcase_end()[pri:0, instance:FaceBookVersion11Test.facebookTest@21282ed8]" started-at="2023-02-17T00:28:55 IST" name="alerfortestcase_end" finished-at="2023-02-17T00:28:55 IST" duration-ms="3" status="PASS">
          <reporter-output>
            <line>
              <![CDATA[Method Execution Successfully.....]]>
            </line>
          </reporter-output>
        </test-method> <!-- alerfortestcase_end -->
        <test-method is-config="true" signature="alertforTestcase()[pri:0, instance:FaceBookVersion11Test.facebookTest@21282ed8]" started-at="2023-02-17T00:28:55 IST" name="alertforTestcase" finished-at="2023-02-17T00:28:55 IST" duration-ms="1" status="PASS">
          <reporter-output>
            <line>
              <![CDATA[Testcase Execution Start...]]>
            </line>
          </reporter-output>
        </test-method> <!-- alertforTestcase -->
        <test-method signature="verfiyUserNamefromHomePage()[pri:1, instance:FaceBookVersion11Test.facebookTest@21282ed8]" started-at="2023-02-17T00:28:55 IST" name="verfiyUserNamefromHomePage" finished-at="2023-02-17T00:29:05 IST" duration-ms="9783" status="PASS">
          <reporter-output>
            <line>
              <![CDATA[Expected Username : Jenny Joseph]]>
            </line>
            <line>
              <![CDATA[Actual Username : Jenny Joseph]]>
            </line>
          </reporter-output>
        </test-method> <!-- verfiyUserNamefromHomePage -->
        <test-method is-config="true" signature="alerfortestcase_end()[pri:0, instance:FaceBookVersion11Test.facebookTest@21282ed8]" started-at="2023-02-17T00:29:05 IST" name="alerfortestcase_end" finished-at="2023-02-17T00:29:05 IST" duration-ms="0" status="PASS">
          <reporter-output>
            <line>
              <![CDATA[Method Execution Successfully.....]]>
            </line>
          </reporter-output>
        </test-method> <!-- alerfortestcase_end -->
        <test-method is-config="true" signature="closebrowser()[pri:0, instance:FaceBookVersion11Test.facebookTest@21282ed8]" started-at="2023-02-17T00:29:05 IST" name="closebrowser" finished-at="2023-02-17T00:29:25 IST" duration-ms="19284" status="PASS">
          <reporter-output>
          </reporter-output>
        </test-method> <!-- closebrowser -->
      </class> <!-- FaceBookVersion11Test.facebookTest -->
    </test> <!-- Test -->
  </suite> <!-- Suite -->
</testng-results>
